13.8852 	EXP 	Created window1 = Window(allowGUI=False, allowStencil=False, autoLog=True, bitsMode=UNKNOWN, blendMode='avg', color='black', colorSpace='named', fullscr=UNKNOWN, gamma=None, lms=UNKNOWN, monitor=<psychopy.monitors.calibTools.Monitor object at 0x1152f4890>, name='window1', pos=[0, 0], screen=0, size=array([1440,  900]), stereo=False, units='norm', useFBO=True, useRetina=False, viewOri=0.0, viewPos=None, viewScale=None, waitBlanking=True, winType='pyglet')
13.8852 	EXP 	window1: recordFrameIntervals = False
14.0520 	EXP 	window1: recordFrameIntervals = True
14.2348 	EXP 	window1: recordFrameIntervals = False
14.3394 	EXP 	Created instr1 = TextStim(alignHoriz='center', alignVert='center', antialias=True, autoLog=True, bold=False, color='white', colorSpace='named', contrast=1.0, depth=0.0, flipHoriz=False, flipVert=False, font='Courier', fontFiles=[], height=0.1, italic=False, name='instr1', opacity=1.0, ori=0, pos=array([ 0.,  0.]), rgb=array([ 255.,  255.,  255.]), text=unicode(...), units='norm', win=Window(...), wrapWidth=1)
14.3461 	EXP 	Created unnamed Circle = Circle(autoDraw=False, autoLog=True, closeShape=True, contrast=1.0, depth=0, fillColor=array([ 1.,  1.,  1.]), fillColorSpace='rgb', fillRGB=array([ 1.,  1.,  1.]), interpolate=True, lineColor=array([ 1.,  1.,  1.]), lineColorSpace='rgb', lineRGB=array([ 1.,  1.,  1.]), lineWidth=1.5, name='unnamed Circle', opacity=1.0, ori=array(0.0), pos=array([-0.625, -0.47 ]), size=array([ 1.,  1.]), units='height', vertices=ndarray(...), win=Window(...))
14.3533 	EXP 	Created itemL = TextStim(alignHoriz='center', alignVert='center', antialias=True, autoLog=True, bold=False, color='White', colorSpace='named', contrast=1.0, depth=0.0, flipHoriz=False, flipVert=False, font='courier', fontFiles=[], height=0.15, italic=False, name='itemL', opacity=1.0, ori=0, pos=array([ 0. , -0.2]), rgb=array([ 255.,  255.,  255.]), text=u'default text', units='norm', win=Window(...), wrapWidth=1)
14.3570 	EXP 	Created itemR = TextStim(alignHoriz='center', alignVert='center', antialias=True, autoLog=True, bold=False, color='white', colorSpace='named', contrast=1.0, depth=-2.0, flipHoriz=False, flipVert=False, font='courier', fontFiles=[], height=0.15, italic=False, name='itemR', opacity=1.0, ori=0, pos=array([ 0. ,  0.2]), rgb=array([ 255.,  255.,  255.]), text=u'default text', units='norm', win=Window(...), wrapWidth=1)
14.3641 	EXP 	Created fixation = TextStim(alignHoriz='center', alignVert='center', antialias=True, autoLog=True, bold=False, color='white', colorSpace='named', contrast=1.0, depth=-3.0, flipHoriz=False, flipVert=False, font='Arial', fontFiles=[], height=0.2, italic=False, name='fixation', opacity=1.0, ori=0, pos=array([ 0.,  0.]), rgb=array([ 255.,  255.,  255.]), text=u'+', units='norm', win=Window(...), wrapWidth=1)
14.3649 	EXP 	Created blank = TextStim(alignHoriz='center', alignVert='center', antialias=True, autoLog=True, bold=False, color='white', colorSpace='named', contrast=1.0, depth=-4.0, flipHoriz=False, flipVert=False, font='Arial', fontFiles=[], height=0.1, italic=False, name='blank', opacity=1.0, ori=0, pos=array([ 0.,  0.]), rgb=array([ 255.,  255.,  255.]), text='', units='norm', win=Window(...), wrapWidth=1)
14.3708 	EXP 	Created feedback_2 = TextStim(alignHoriz='center', alignVert='center', antialias=True, autoLog=True, bold=False, color=array([ 1.,  1.,  1.]), colorSpace='rgb', contrast=1.0, depth=-1.0, flipHoriz=False, flipVert=False, font=u'Arial', fontFiles=[], height=0.1, italic=False, name='feedback_2', opacity=1.0, ori=0, pos=array([ 0.,  0.]), rgb=array([ 1.,  1.,  1.]), text=u'default text', units='norm', win=Window(...), wrapWidth=1)
14.3899 	EXP 	Created instrText = TextStim(alignHoriz='center', alignVert='center', antialias=True, autoLog=True, bold=False, color=array([ 1.,  1.,  1.]), colorSpace='rgb', contrast=1.0, depth=0.0, flipHoriz=False, flipVert=False, font='Courier', fontFiles=[], height=0.1, italic=False, name='instrText', opacity=1.0, ori=0, pos=array([ 0.,  0.]), rgb=array([ 1.,  1.,  1.]), text=unicode(...), units='norm', win=Window(...), wrapWidth=1)
14.3926 	EXP 	Created unnamed Circle = Circle(autoDraw=False, autoLog=True, closeShape=True, contrast=1.0, depth=0, fillColor=array([ 1.,  1.,  1.]), fillColorSpace='rgb', fillRGB=array([ 1.,  1.,  1.]), interpolate=True, lineColor=array([ 1.,  1.,  1.]), lineColorSpace='rgb', lineRGB=array([ 1.,  1.,  1.]), lineWidth=1.5, name='unnamed Circle', opacity=1.0, ori=array(0.0), pos=array([-0.625, -0.47 ]), size=array([ 1.,  1.]), units='height', vertices=ndarray(...), win=Window(...))
14.3961 	EXP 	Created itemL = TextStim(alignHoriz='center', alignVert='center', antialias=True, autoLog=True, bold=False, color='White', colorSpace='named', contrast=1.0, depth=0.0, flipHoriz=False, flipVert=False, font='courier', fontFiles=[], height=0.15, italic=False, name='itemL', opacity=1.0, ori=0, pos=array([ 0. , -0.2]), rgb=array([ 255.,  255.,  255.]), text=u'default text', units='norm', win=Window(...), wrapWidth=1)
14.3996 	EXP 	Created itemR = TextStim(alignHoriz='center', alignVert='center', antialias=True, autoLog=True, bold=False, color='white', colorSpace='named', contrast=1.0, depth=-2.0, flipHoriz=False, flipVert=False, font='courier', fontFiles=[], height=0.15, italic=False, name='itemR', opacity=1.0, ori=0, pos=array([ 0. ,  0.2]), rgb=array([ 255.,  255.,  255.]), text=u'default text', units='norm', win=Window(...), wrapWidth=1)
14.4016 	EXP 	Created fixation = TextStim(alignHoriz='center', alignVert='center', antialias=True, autoLog=True, bold=False, color='white', colorSpace='named', contrast=1.0, depth=-3.0, flipHoriz=False, flipVert=False, font='Arial', fontFiles=[], height=0.2, italic=False, name='fixation', opacity=1.0, ori=0, pos=array([ 0.,  0.]), rgb=array([ 255.,  255.,  255.]), text=u'+', units='norm', win=Window(...), wrapWidth=1)
14.4022 	EXP 	Created blank = TextStim(alignHoriz='center', alignVert='center', antialias=True, autoLog=True, bold=False, color='white', colorSpace='named', contrast=1.0, depth=-4.0, flipHoriz=False, flipVert=False, font='Arial', fontFiles=[], height=0.1, italic=False, name='blank', opacity=1.0, ori=0, pos=array([ 0.,  0.]), rgb=array([ 255.,  255.,  255.]), text='', units='norm', win=Window(...), wrapWidth=1)
14.4264 	EXP 	Created thanksText = TextStim(alignHoriz='center', alignVert='center', antialias=True, autoLog=True, bold=False, color=array([ 1.,  1.,  1.]), colorSpace='rgb', contrast=1.0, depth=0.0, flipHoriz=False, flipVert=False, font='arial', fontFiles=[], height=0.2, italic=False, name='thanksText', opacity=1.0, ori=0, pos=array([ 0.,  0.]), rgb=array([ 1.,  1.,  1.]), text=unicode(...), units='norm', win=Window(...), wrapWidth=1)
14.4376 	EXP 	instr1: autoDraw = True
15.5767 	DATA 	Keypress: space
15.5831 	EXP 	Imported conditions1.xlsx as conditions, 4 conditions, 6 params
15.5834 	EXP 	Created sequence: sequential, trialTypes=4, nReps=1, seed=None
15.5838 	EXP 	New trial (rep=0, index=0): {u'typeL': u'word', u'right': u'ship', u'TrialN': 1L, u'corrAns': 3L, u'TypeR': u'word', u'left': u'tour'}
17.6209 	EXP 	instr1: autoDraw = False
17.6209 	EXP 	itemL: text = u'tour'
17.6209 	EXP 	itemR: text = u'ship'
17.6209 	EXP 	blank: autoDraw = True
17.6209 	EXP 	fixation: autoDraw = False
17.6209 	EXP 	blank: autoDraw = False
17.6209 	EXP 	itemL: autoDraw = False
17.6209 	EXP 	itemR: autoDraw = False
17.6209 	EXP 	feedback_2: text = 'Oops! That was wrong'
17.6209 	EXP 	feedback_2: autoDraw = True
18.5864 	EXP 	New trial (rep=0, index=1): {u'typeL': u'non word', u'right': u'****', u'TrialN': 2L, u'corrAns': 1L, u'TypeR': u'non word', u'left': u'****'}
19.6370 	EXP 	feedback_2: autoDraw = False
19.6370 	EXP 	feedback_2: autoDraw = False
19.6370 	EXP 	itemL: text = u'****'
19.6370 	EXP 	itemR: text = u'****'
19.6370 	EXP 	blank: autoDraw = True
19.6370 	EXP 	fixation: autoDraw = False
19.6370 	EXP 	blank: autoDraw = False
19.6370 	EXP 	itemL: autoDraw = False
19.6370 	EXP 	itemR: autoDraw = False
19.6370 	EXP 	feedback_2: text = 'Oops! That was wrong'
19.6370 	EXP 	feedback_2: autoDraw = True
20.6198 	EXP 	New trial (rep=0, index=2): {u'typeL': u'non word', u'right': u'hart', u'TrialN': 3L, u'corrAns': 2L, u'TypeR': u'word', u'left': u'****'}
22.6368 	EXP 	feedback_2: autoDraw = False
22.6368 	EXP 	feedback_2: autoDraw = False
22.6368 	EXP 	itemL: text = u'****'
22.6368 	EXP 	itemR: text = u'hart'
22.6368 	EXP 	blank: autoDraw = True
22.6368 	EXP 	fixation: autoDraw = False
22.6368 	EXP 	blank: autoDraw = False
22.6368 	EXP 	itemL: autoDraw = False
22.6368 	EXP 	itemR: autoDraw = False
22.6368 	EXP 	feedback_2: text = 'Oops! That was wrong'
22.6368 	EXP 	feedback_2: autoDraw = True
23.6198 	EXP 	New trial (rep=0, index=3): {u'typeL': u'non word', u'right': u'****', u'TrialN': 4L, u'corrAns': 1L, u'TypeR': u'non word', u'left': u'****'}
25.6541 	EXP 	feedback_2: autoDraw = False
25.6541 	EXP 	feedback_2: autoDraw = False
25.6541 	EXP 	itemL: text = u'****'
25.6541 	EXP 	itemR: text = u'****'
25.6541 	EXP 	blank: autoDraw = True
25.6541 	EXP 	fixation: autoDraw = False
25.6541 	EXP 	blank: autoDraw = False
25.6541 	EXP 	itemL: autoDraw = False
25.6541 	EXP 	itemR: autoDraw = False
25.6541 	EXP 	feedback_2: text = 'Oops! That was wrong'
25.6541 	EXP 	feedback_2: autoDraw = True
26.6376 	EXP 	feedback_2: autoDraw = False
26.6376 	EXP 	feedback_2: autoDraw = False
26.6376 	EXP 	instrText: autoDraw = True
36.2214 	DATA 	Keypress: space
36.3112 	EXP 	Imported conditions4.xlsx as conditions, 407 conditions, 11 params
36.3124 	EXP 	Created sequence: sequential, trialTypes=407, nReps=1, seed=None
36.3128 	EXP 	New trial (rep=0, index=0): {u'right': u'buck', u'Zipf_L': 4.26, u'Trial_number_L': 5307L, u'FreqCount_L': 3648L, u'Trial_Number_R': 7295L, u'FreqCount_R': 1837L, u'corrAns': 3L, u'Zipf_R': 3.96, u'order': 0.9338627969471647, u'condition': u'two words', u'left': u'pipe'}
36.3368 	EXP 	instrText: autoDraw = False
36.3368 	EXP 	itemL: text = u'pipe'
36.3368 	EXP 	itemR: text = u'buck'
36.3368 	EXP 	blank: autoDraw = True
36.8210 	EXP 	blank: autoDraw = False
36.8378 	EXP 	fixation: autoDraw = True
37.3373 	EXP 	itemR: autoDraw = True
37.3373 	EXP 	itemL: autoDraw = True
37.5709 	EXP 	fixation: autoDraw = False
37.5709 	EXP 	itemR: autoDraw = False
37.5709 	EXP 	itemL: autoDraw = False
38.2903 	DATA 	Keypress: space
39.6212 	DATA 	Keypress: escape
