11.1396 	EXP 	Created window1 = Window(allowGUI=False, allowStencil=False, autoLog=True, bitsMode=UNKNOWN, blendMode='avg', color='black', colorSpace='named', fullscr=UNKNOWN, gamma=None, lms=UNKNOWN, monitor=<psychopy.monitors.calibTools.Monitor object at 0x115907950>, name='window1', pos=[0, 0], screen=0, size=array([1440,  900]), stereo=False, units='norm', useFBO=True, useRetina=False, viewOri=0.0, viewPos=None, viewScale=None, waitBlanking=True, winType='pyglet')
11.1396 	EXP 	window1: recordFrameIntervals = False
11.3057 	EXP 	window1: recordFrameIntervals = True
11.4891 	EXP 	window1: recordFrameIntervals = False
11.5935 	EXP 	Created instr1 = TextStim(alignHoriz='center', alignVert='center', antialias=True, autoLog=True, bold=False, color='white', colorSpace='named', contrast=1.0, depth=0.0, flipHoriz=False, flipVert=False, font='Courier', fontFiles=[], height=0.1, italic=False, name='instr1', opacity=1.0, ori=0, pos=array([ 0.,  0.]), rgb=array([ 255.,  255.,  255.]), text=unicode(...), units='norm', win=Window(...), wrapWidth=1)
11.6009 	EXP 	Created unnamed Circle = Circle(autoDraw=False, autoLog=True, closeShape=True, contrast=1.0, depth=0, fillColor=array([ 1.,  1.,  1.]), fillColorSpace='rgb', fillRGB=array([ 1.,  1.,  1.]), interpolate=True, lineColor=array([ 1.,  1.,  1.]), lineColorSpace='rgb', lineRGB=array([ 1.,  1.,  1.]), lineWidth=1.5, name='unnamed Circle', opacity=1.0, ori=array(0.0), pos=array([-0.625, -0.47 ]), size=array([ 1.,  1.]), units='height', vertices=ndarray(...), win=Window(...))
11.6084 	EXP 	Created itemL = TextStim(alignHoriz='center', alignVert='center', antialias=True, autoLog=True, bold=False, color='White', colorSpace='named', contrast=1.0, depth=0.0, flipHoriz=False, flipVert=False, font='courier', fontFiles=[], height=0.15, italic=False, name='itemL', opacity=1.0, ori=0, pos=array([ 0. , -0.2]), rgb=array([ 255.,  255.,  255.]), text=u'default text', units='norm', win=Window(...), wrapWidth=1)
11.6122 	EXP 	Created itemR = TextStim(alignHoriz='center', alignVert='center', antialias=True, autoLog=True, bold=False, color='white', colorSpace='named', contrast=1.0, depth=-2.0, flipHoriz=False, flipVert=False, font='courier', fontFiles=[], height=0.15, italic=False, name='itemR', opacity=1.0, ori=0, pos=array([ 0. ,  0.2]), rgb=array([ 255.,  255.,  255.]), text=u'default text', units='norm', win=Window(...), wrapWidth=1)
11.6190 	EXP 	Created fixation = TextStim(alignHoriz='center', alignVert='center', antialias=True, autoLog=True, bold=False, color='white', colorSpace='named', contrast=1.0, depth=-3.0, flipHoriz=False, flipVert=False, font='Arial', fontFiles=[], height=0.2, italic=False, name='fixation', opacity=1.0, ori=0, pos=array([ 0.,  0.]), rgb=array([ 255.,  255.,  255.]), text=u'+', units='norm', win=Window(...), wrapWidth=1)
11.6198 	EXP 	Created blank = TextStim(alignHoriz='center', alignVert='center', antialias=True, autoLog=True, bold=False, color='white', colorSpace='named', contrast=1.0, depth=-4.0, flipHoriz=False, flipVert=False, font='Arial', fontFiles=[], height=0.1, italic=False, name='blank', opacity=1.0, ori=0, pos=array([ 0.,  0.]), rgb=array([ 255.,  255.,  255.]), text='', units='norm', win=Window(...), wrapWidth=1)
11.6259 	EXP 	Created feedback_2 = TextStim(alignHoriz='center', alignVert='center', antialias=True, autoLog=True, bold=False, color=array([ 1.,  1.,  1.]), colorSpace='rgb', contrast=1.0, depth=-1.0, flipHoriz=False, flipVert=False, font=u'Arial', fontFiles=[], height=0.1, italic=False, name='feedback_2', opacity=1.0, ori=0, pos=array([ 0.,  0.]), rgb=array([ 1.,  1.,  1.]), text=u'default text', units='norm', win=Window(...), wrapWidth=1)
11.6460 	EXP 	Created instrText = TextStim(alignHoriz='center', alignVert='center', antialias=True, autoLog=True, bold=False, color=array([ 1.,  1.,  1.]), colorSpace='rgb', contrast=1.0, depth=0.0, flipHoriz=False, flipVert=False, font='Courier', fontFiles=[], height=0.1, italic=False, name='instrText', opacity=1.0, ori=0, pos=array([ 0.,  0.]), rgb=array([ 1.,  1.,  1.]), text=unicode(...), units='norm', win=Window(...), wrapWidth=1)
11.6490 	EXP 	Created unnamed Circle = Circle(autoDraw=False, autoLog=True, closeShape=True, contrast=1.0, depth=0, fillColor=array([ 1.,  1.,  1.]), fillColorSpace='rgb', fillRGB=array([ 1.,  1.,  1.]), interpolate=True, lineColor=array([ 1.,  1.,  1.]), lineColorSpace='rgb', lineRGB=array([ 1.,  1.,  1.]), lineWidth=1.5, name='unnamed Circle', opacity=1.0, ori=array(0.0), pos=array([-0.625, -0.47 ]), size=array([ 1.,  1.]), units='height', vertices=ndarray(...), win=Window(...))
11.6526 	EXP 	Created itemL = TextStim(alignHoriz='center', alignVert='center', antialias=True, autoLog=True, bold=False, color='White', colorSpace='named', contrast=1.0, depth=0.0, flipHoriz=False, flipVert=False, font='courier', fontFiles=[], height=0.15, italic=False, name='itemL', opacity=1.0, ori=0, pos=array([ 0. , -0.2]), rgb=array([ 255.,  255.,  255.]), text=u'default text', units='norm', win=Window(...), wrapWidth=1)
11.6563 	EXP 	Created itemR = TextStim(alignHoriz='center', alignVert='center', antialias=True, autoLog=True, bold=False, color='white', colorSpace='named', contrast=1.0, depth=-2.0, flipHoriz=False, flipVert=False, font='courier', fontFiles=[], height=0.15, italic=False, name='itemR', opacity=1.0, ori=0, pos=array([ 0. ,  0.2]), rgb=array([ 255.,  255.,  255.]), text=u'default text', units='norm', win=Window(...), wrapWidth=1)
11.6583 	EXP 	Created fixation = TextStim(alignHoriz='center', alignVert='center', antialias=True, autoLog=True, bold=False, color='white', colorSpace='named', contrast=1.0, depth=-3.0, flipHoriz=False, flipVert=False, font='Arial', fontFiles=[], height=0.2, italic=False, name='fixation', opacity=1.0, ori=0, pos=array([ 0.,  0.]), rgb=array([ 255.,  255.,  255.]), text=u'+', units='norm', win=Window(...), wrapWidth=1)
11.6589 	EXP 	Created blank = TextStim(alignHoriz='center', alignVert='center', antialias=True, autoLog=True, bold=False, color='white', colorSpace='named', contrast=1.0, depth=-4.0, flipHoriz=False, flipVert=False, font='Arial', fontFiles=[], height=0.1, italic=False, name='blank', opacity=1.0, ori=0, pos=array([ 0.,  0.]), rgb=array([ 255.,  255.,  255.]), text='', units='norm', win=Window(...), wrapWidth=1)
11.6840 	EXP 	Created thanksText = TextStim(alignHoriz='center', alignVert='center', antialias=True, autoLog=True, bold=False, color=array([ 1.,  1.,  1.]), colorSpace='rgb', contrast=1.0, depth=0.0, flipHoriz=False, flipVert=False, font='arial', fontFiles=[], height=0.2, italic=False, name='thanksText', opacity=1.0, ori=0, pos=array([ 0.,  0.]), rgb=array([ 1.,  1.,  1.]), text=unicode(...), units='norm', win=Window(...), wrapWidth=1)
11.7079 	EXP 	instr1: autoDraw = True
13.2150 	DATA 	Keypress: space
13.2214 	EXP 	Imported conditions1.xlsx as conditions, 4 conditions, 6 params
13.2217 	EXP 	Created sequence: sequential, trialTypes=4, nReps=1, seed=None
13.2220 	EXP 	New trial (rep=0, index=0): {u'typeL': u'word', u'right': u'ship', u'TrialN': 1L, u'corrAns': 3L, u'TypeR': u'word', u'left': u'tour'}
13.2402 	EXP 	instr1: autoDraw = False
13.2402 	EXP 	itemL: text = u'tour'
13.2402 	EXP 	itemR: text = u'ship'
13.2402 	EXP 	blank: autoDraw = True
13.7390 	EXP 	blank: autoDraw = False
13.7559 	EXP 	fixation: autoDraw = True
14.2391 	EXP 	itemR: autoDraw = True
14.2391 	EXP 	itemL: autoDraw = True
14.4887 	EXP 	fixation: autoDraw = False
14.4887 	EXP 	itemR: autoDraw = False
14.4887 	EXP 	itemL: autoDraw = False
18.1745 	DATA 	Keypress: 1
18.2236 	EXP 	fixation: autoDraw = False
18.2236 	EXP 	blank: autoDraw = False
18.2236 	EXP 	itemL: autoDraw = False
18.2236 	EXP 	itemR: autoDraw = False
18.2236 	EXP 	feedback_2: text = 'good'
18.2236 	EXP 	feedback_2: autoDraw = True
19.1913 	EXP 	New trial (rep=0, index=1): {u'typeL': u'non word', u'right': u'****', u'TrialN': 2L, u'corrAns': 1L, u'TypeR': u'non word', u'left': u'****'}
19.2067 	EXP 	feedback_2: autoDraw = False
19.2067 	EXP 	feedback_2: autoDraw = False
19.2067 	EXP 	itemL: text = u'****'
19.2067 	EXP 	itemR: text = u'****'
19.2067 	EXP 	blank: autoDraw = True
19.2924 	DATA 	Keypress: escape
