12.5673 	EXP 	Created window1 = Window(allowGUI=False, allowStencil=False, autoLog=True, bitsMode=UNKNOWN, blendMode='avg', color='black', colorSpace='named', fullscr=UNKNOWN, gamma=None, lms=UNKNOWN, monitor=<psychopy.monitors.calibTools.Monitor object at 0x115ab1bd0>, name='window1', pos=[0, 0], screen=0, size=array([1440,  900]), stereo=False, units='norm', useFBO=True, useRetina=False, viewOri=0.0, viewPos=None, viewScale=None, waitBlanking=True, winType='pyglet')
12.5673 	EXP 	window1: recordFrameIntervals = False
12.7328 	EXP 	window1: recordFrameIntervals = True
12.9177 	EXP 	window1: recordFrameIntervals = False
13.0240 	EXP 	Created instr1 = TextStim(alignHoriz='center', alignVert='center', antialias=True, autoLog=True, bold=False, color='white', colorSpace='named', contrast=1.0, depth=0.0, flipHoriz=False, flipVert=False, font='Courier', fontFiles=[], height=0.1, italic=False, name='instr1', opacity=1.0, ori=0, pos=array([ 0.,  0.]), rgb=array([ 255.,  255.,  255.]), text=unicode(...), units='norm', win=Window(...), wrapWidth=1)
13.0310 	EXP 	Created unnamed Circle = Circle(autoDraw=False, autoLog=True, closeShape=True, contrast=1.0, depth=0, fillColor=array([ 1.,  1.,  1.]), fillColorSpace='rgb', fillRGB=array([ 1.,  1.,  1.]), interpolate=True, lineColor=array([ 1.,  1.,  1.]), lineColorSpace='rgb', lineRGB=array([ 1.,  1.,  1.]), lineWidth=1.5, name='unnamed Circle', opacity=1.0, ori=array(0.0), pos=array([-0.625, -0.47 ]), size=array([ 1.,  1.]), units='height', vertices=ndarray(...), win=Window(...))
13.0386 	EXP 	Created itemL = TextStim(alignHoriz='center', alignVert='center', antialias=True, autoLog=True, bold=False, color='White', colorSpace='named', contrast=1.0, depth=0.0, flipHoriz=False, flipVert=False, font='courier', fontFiles=[], height=0.15, italic=False, name='itemL', opacity=1.0, ori=0, pos=array([ 0. , -0.2]), rgb=array([ 255.,  255.,  255.]), text=u'default text', units='norm', win=Window(...), wrapWidth=1)
13.0425 	EXP 	Created itemR = TextStim(alignHoriz='center', alignVert='center', antialias=True, autoLog=True, bold=False, color='white', colorSpace='named', contrast=1.0, depth=-2.0, flipHoriz=False, flipVert=False, font='courier', fontFiles=[], height=0.15, italic=False, name='itemR', opacity=1.0, ori=0, pos=array([ 0. ,  0.2]), rgb=array([ 255.,  255.,  255.]), text=u'default text', units='norm', win=Window(...), wrapWidth=1)
13.0497 	EXP 	Created fixation = TextStim(alignHoriz='center', alignVert='center', antialias=True, autoLog=True, bold=False, color='white', colorSpace='named', contrast=1.0, depth=-3.0, flipHoriz=False, flipVert=False, font='Arial', fontFiles=[], height=0.2, italic=False, name='fixation', opacity=1.0, ori=0, pos=array([ 0.,  0.]), rgb=array([ 255.,  255.,  255.]), text=u'+', units='norm', win=Window(...), wrapWidth=1)
13.0505 	EXP 	Created blank = TextStim(alignHoriz='center', alignVert='center', antialias=True, autoLog=True, bold=False, color='white', colorSpace='named', contrast=1.0, depth=-4.0, flipHoriz=False, flipVert=False, font='Arial', fontFiles=[], height=0.1, italic=False, name='blank', opacity=1.0, ori=0, pos=array([ 0.,  0.]), rgb=array([ 255.,  255.,  255.]), text='', units='norm', win=Window(...), wrapWidth=1)
13.0567 	EXP 	Created feedback_2 = TextStim(alignHoriz='center', alignVert='center', antialias=True, autoLog=True, bold=False, color=array([ 1.,  1.,  1.]), colorSpace='rgb', contrast=1.0, depth=-1.0, flipHoriz=False, flipVert=False, font=u'Arial', fontFiles=[], height=0.1, italic=False, name='feedback_2', opacity=1.0, ori=0, pos=array([ 0.,  0.]), rgb=array([ 1.,  1.,  1.]), text=u'default text', units='norm', win=Window(...), wrapWidth=1)
13.0773 	EXP 	Created instrText = TextStim(alignHoriz='center', alignVert='center', antialias=True, autoLog=True, bold=False, color=array([ 1.,  1.,  1.]), colorSpace='rgb', contrast=1.0, depth=0.0, flipHoriz=False, flipVert=False, font='Courier', fontFiles=[], height=0.1, italic=False, name='instrText', opacity=1.0, ori=0, pos=array([ 0.,  0.]), rgb=array([ 1.,  1.,  1.]), text=unicode(...), units='norm', win=Window(...), wrapWidth=1)
13.0800 	EXP 	Created unnamed Circle = Circle(autoDraw=False, autoLog=True, closeShape=True, contrast=1.0, depth=0, fillColor=array([ 1.,  1.,  1.]), fillColorSpace='rgb', fillRGB=array([ 1.,  1.,  1.]), interpolate=True, lineColor=array([ 1.,  1.,  1.]), lineColorSpace='rgb', lineRGB=array([ 1.,  1.,  1.]), lineWidth=1.5, name='unnamed Circle', opacity=1.0, ori=array(0.0), pos=array([-0.625, -0.47 ]), size=array([ 1.,  1.]), units='height', vertices=ndarray(...), win=Window(...))
13.0836 	EXP 	Created itemL = TextStim(alignHoriz='center', alignVert='center', antialias=True, autoLog=True, bold=False, color='White', colorSpace='named', contrast=1.0, depth=0.0, flipHoriz=False, flipVert=False, font='courier', fontFiles=[], height=0.15, italic=False, name='itemL', opacity=1.0, ori=0, pos=array([ 0. , -0.2]), rgb=array([ 255.,  255.,  255.]), text=u'default text', units='norm', win=Window(...), wrapWidth=1)
13.0872 	EXP 	Created itemR = TextStim(alignHoriz='center', alignVert='center', antialias=True, autoLog=True, bold=False, color='white', colorSpace='named', contrast=1.0, depth=-2.0, flipHoriz=False, flipVert=False, font='courier', fontFiles=[], height=0.15, italic=False, name='itemR', opacity=1.0, ori=0, pos=array([ 0. ,  0.2]), rgb=array([ 255.,  255.,  255.]), text=u'default text', units='norm', win=Window(...), wrapWidth=1)
13.0893 	EXP 	Created fixation = TextStim(alignHoriz='center', alignVert='center', antialias=True, autoLog=True, bold=False, color='white', colorSpace='named', contrast=1.0, depth=-3.0, flipHoriz=False, flipVert=False, font='Arial', fontFiles=[], height=0.2, italic=False, name='fixation', opacity=1.0, ori=0, pos=array([ 0.,  0.]), rgb=array([ 255.,  255.,  255.]), text=u'+', units='norm', win=Window(...), wrapWidth=1)
13.0899 	EXP 	Created blank = TextStim(alignHoriz='center', alignVert='center', antialias=True, autoLog=True, bold=False, color='white', colorSpace='named', contrast=1.0, depth=-4.0, flipHoriz=False, flipVert=False, font='Arial', fontFiles=[], height=0.1, italic=False, name='blank', opacity=1.0, ori=0, pos=array([ 0.,  0.]), rgb=array([ 255.,  255.,  255.]), text='', units='norm', win=Window(...), wrapWidth=1)
13.1157 	EXP 	Created thanksText = TextStim(alignHoriz='center', alignVert='center', antialias=True, autoLog=True, bold=False, color=array([ 1.,  1.,  1.]), colorSpace='rgb', contrast=1.0, depth=0.0, flipHoriz=False, flipVert=False, font='arial', fontFiles=[], height=0.2, italic=False, name='thanksText', opacity=1.0, ori=0, pos=array([ 0.,  0.]), rgb=array([ 1.,  1.,  1.]), text=unicode(...), units='norm', win=Window(...), wrapWidth=1)
13.1351 	EXP 	instr1: autoDraw = True
14.2589 	DATA 	Keypress: space
14.2654 	EXP 	Imported conditions1.xlsx as conditions, 4 conditions, 6 params
14.2657 	EXP 	Created sequence: sequential, trialTypes=4, nReps=1, seed=None
14.2661 	EXP 	New trial (rep=0, index=0): {u'typeL': u'word', u'right': u'ship', u'TrialN': 1L, u'corrAns': 3L, u'TypeR': u'word', u'left': u'tour'}
16.3024 	EXP 	instr1: autoDraw = False
16.3024 	EXP 	itemL: text = u'tour'
16.3024 	EXP 	itemR: text = u'ship'
16.3024 	EXP 	blank: autoDraw = True
16.3024 	EXP 	fixation: autoDraw = False
16.3024 	EXP 	blank: autoDraw = False
16.3024 	EXP 	itemL: autoDraw = False
16.3024 	EXP 	itemR: autoDraw = False
16.3024 	EXP 	feedback_2: text = 'Oops! That was wrong'
16.3024 	EXP 	feedback_2: autoDraw = True
17.2678 	EXP 	New trial (rep=0, index=1): {u'typeL': u'non word', u'right': u'****', u'TrialN': 2L, u'corrAns': 1L, u'TypeR': u'non word', u'left': u'****'}
18.3021 	EXP 	feedback_2: autoDraw = False
18.3021 	EXP 	feedback_2: autoDraw = False
18.3021 	EXP 	itemL: text = u'****'
18.3021 	EXP 	itemR: text = u'****'
18.3021 	EXP 	blank: autoDraw = True
18.3021 	EXP 	fixation: autoDraw = False
18.3021 	EXP 	blank: autoDraw = False
18.3021 	EXP 	itemL: autoDraw = False
18.3021 	EXP 	itemR: autoDraw = False
18.3021 	EXP 	feedback_2: text = 'Oops! That was wrong'
18.3021 	EXP 	feedback_2: autoDraw = True
19.2859 	EXP 	New trial (rep=0, index=2): {u'typeL': u'non word', u'right': u'hart', u'TrialN': 3L, u'corrAns': 2L, u'TypeR': u'word', u'left': u'****'}
20.3019 	EXP 	feedback_2: autoDraw = False
20.3019 	EXP 	feedback_2: autoDraw = False
20.3019 	EXP 	itemL: text = u'****'
20.3019 	EXP 	itemR: text = u'hart'
20.3019 	EXP 	blank: autoDraw = True
20.3019 	EXP 	fixation: autoDraw = False
20.3019 	EXP 	blank: autoDraw = False
20.3019 	EXP 	itemL: autoDraw = False
20.3019 	EXP 	itemR: autoDraw = False
20.3019 	EXP 	feedback_2: text = 'Oops! That was wrong'
20.3019 	EXP 	feedback_2: autoDraw = True
21.2868 	EXP 	New trial (rep=0, index=3): {u'typeL': u'non word', u'right': u'****', u'TrialN': 4L, u'corrAns': 1L, u'TypeR': u'non word', u'left': u'****'}
22.3177 	EXP 	feedback_2: autoDraw = False
22.3177 	EXP 	feedback_2: autoDraw = False
22.3177 	EXP 	itemL: text = u'****'
22.3177 	EXP 	itemR: text = u'****'
22.3177 	EXP 	blank: autoDraw = True
22.3177 	EXP 	fixation: autoDraw = False
22.3177 	EXP 	blank: autoDraw = False
22.3177 	EXP 	itemL: autoDraw = False
22.3177 	EXP 	itemR: autoDraw = False
22.3177 	EXP 	feedback_2: text = 'Oops! That was wrong'
22.3177 	EXP 	feedback_2: autoDraw = True
23.1359 	DATA 	Keypress: 1
23.3171 	EXP 	feedback_2: autoDraw = False
23.3171 	EXP 	feedback_2: autoDraw = False
23.3171 	EXP 	instrText: autoDraw = True
25.9699 	DATA 	Keypress: 1
26.0614 	EXP 	Imported conditions4.xlsx as conditions, 407 conditions, 11 params
26.0627 	EXP 	Created sequence: sequential, trialTypes=407, nReps=1, seed=None
26.0631 	EXP 	New trial (rep=0, index=0): {u'right': u'buck', u'Zipf_L': 4.26, u'Trial_number_L': 5307L, u'FreqCount_L': 3648L, u'Trial_Number_R': 7295L, u'FreqCount_R': 1837L, u'corrAns': 3L, u'Zipf_R': 3.96, u'order': 0.9338627969471647, u'condition': u'two words', u'left': u'pipe'}
26.0849 	EXP 	instrText: autoDraw = False
26.0849 	EXP 	itemL: text = u'pipe'
26.0849 	EXP 	itemR: text = u'buck'
26.0849 	EXP 	blank: autoDraw = True
26.5840 	EXP 	fixation: autoDraw = True
26.5840 	EXP 	blank: autoDraw = False
27.0839 	EXP 	itemR: autoDraw = True
27.0839 	EXP 	itemL: autoDraw = True
27.3329 	EXP 	fixation: autoDraw = False
27.3329 	EXP 	itemR: autoDraw = False
27.3329 	EXP 	itemL: autoDraw = False
29.5359 	DATA 	Keypress: escape
