11.1538 	EXP 	Created window1 = Window(allowGUI=False, allowStencil=False, autoLog=True, bitsMode=UNKNOWN, blendMode='avg', color='black', colorSpace='named', fullscr=UNKNOWN, gamma=None, lms=UNKNOWN, monitor=<psychopy.monitors.calibTools.Monitor object at 0x114bec910>, name='window1', pos=[0, 0], screen=0, size=array([1440,  900]), stereo=False, units='norm', useFBO=True, useRetina=False, viewOri=0.0, viewPos=None, viewScale=None, waitBlanking=True, winType='pyglet')
11.1538 	EXP 	window1: recordFrameIntervals = False
11.3201 	EXP 	window1: recordFrameIntervals = True
11.5032 	EXP 	window1: recordFrameIntervals = False
11.6024 	EXP 	Created instr1 = TextStim(alignHoriz='center', alignVert='center', antialias=True, autoLog=True, bold=False, color='white', colorSpace='named', contrast=1.0, depth=0.0, flipHoriz=False, flipVert=False, font='Courier', fontFiles=[], height=0.1, italic=False, name='instr1', opacity=1.0, ori=0, pos=array([ 0.,  0.]), rgb=array([ 255.,  255.,  255.]), text=unicode(...), units='norm', win=Window(...), wrapWidth=1)
11.6093 	EXP 	Created unnamed Circle = Circle(autoDraw=False, autoLog=True, closeShape=True, contrast=1.0, depth=0, fillColor=array([ 1.,  1.,  1.]), fillColorSpace='rgb', fillRGB=array([ 1.,  1.,  1.]), interpolate=True, lineColor=array([ 1.,  1.,  1.]), lineColorSpace='rgb', lineRGB=array([ 1.,  1.,  1.]), lineWidth=1.5, name='unnamed Circle', opacity=1.0, ori=array(0.0), pos=array([-0.625, -0.47 ]), size=array([ 1.,  1.]), units='height', vertices=ndarray(...), win=Window(...))
11.6168 	EXP 	Created itemL = TextStim(alignHoriz='center', alignVert='center', antialias=True, autoLog=True, bold=False, color='White', colorSpace='named', contrast=1.0, depth=0.0, flipHoriz=False, flipVert=False, font='courier', fontFiles=[], height=0.15, italic=False, name='itemL', opacity=1.0, ori=0, pos=array([ 0. , -0.2]), rgb=array([ 255.,  255.,  255.]), text=u'default text', units='norm', win=Window(...), wrapWidth=1)
11.6206 	EXP 	Created itemR = TextStim(alignHoriz='center', alignVert='center', antialias=True, autoLog=True, bold=False, color='white', colorSpace='named', contrast=1.0, depth=-2.0, flipHoriz=False, flipVert=False, font='courier', fontFiles=[], height=0.15, italic=False, name='itemR', opacity=1.0, ori=0, pos=array([ 0. ,  0.2]), rgb=array([ 255.,  255.,  255.]), text=u'default text', units='norm', win=Window(...), wrapWidth=1)
11.6273 	EXP 	Created fixation = TextStim(alignHoriz='center', alignVert='center', antialias=True, autoLog=True, bold=False, color='white', colorSpace='named', contrast=1.0, depth=-3.0, flipHoriz=False, flipVert=False, font='Arial', fontFiles=[], height=0.2, italic=False, name='fixation', opacity=1.0, ori=0, pos=array([ 0.,  0.]), rgb=array([ 255.,  255.,  255.]), text=u'+', units='norm', win=Window(...), wrapWidth=1)
11.6281 	EXP 	Created blank = TextStim(alignHoriz='center', alignVert='center', antialias=True, autoLog=True, bold=False, color='white', colorSpace='named', contrast=1.0, depth=-4.0, flipHoriz=False, flipVert=False, font='Arial', fontFiles=[], height=0.1, italic=False, name='blank', opacity=1.0, ori=0, pos=array([ 0.,  0.]), rgb=array([ 255.,  255.,  255.]), text='', units='norm', win=Window(...), wrapWidth=1)
11.6343 	EXP 	Created feedback_2 = TextStim(alignHoriz='center', alignVert='center', antialias=True, autoLog=True, bold=False, color=array([ 1.,  1.,  1.]), colorSpace='rgb', contrast=1.0, depth=-1.0, flipHoriz=False, flipVert=False, font=u'Arial', fontFiles=[], height=0.1, italic=False, name='feedback_2', opacity=1.0, ori=0, pos=array([ 0.,  0.]), rgb=array([ 1.,  1.,  1.]), text=u'default text', units='norm', win=Window(...), wrapWidth=1)
11.6550 	EXP 	Created instrText = TextStim(alignHoriz='center', alignVert='center', antialias=True, autoLog=True, bold=False, color=array([ 1.,  1.,  1.]), colorSpace='rgb', contrast=1.0, depth=0.0, flipHoriz=False, flipVert=False, font='Courier', fontFiles=[], height=0.1, italic=False, name='instrText', opacity=1.0, ori=0, pos=array([ 0.,  0.]), rgb=array([ 1.,  1.,  1.]), text=unicode(...), units='norm', win=Window(...), wrapWidth=1)
11.6577 	EXP 	Created unnamed Circle = Circle(autoDraw=False, autoLog=True, closeShape=True, contrast=1.0, depth=0, fillColor=array([ 1.,  1.,  1.]), fillColorSpace='rgb', fillRGB=array([ 1.,  1.,  1.]), interpolate=True, lineColor=array([ 1.,  1.,  1.]), lineColorSpace='rgb', lineRGB=array([ 1.,  1.,  1.]), lineWidth=1.5, name='unnamed Circle', opacity=1.0, ori=array(0.0), pos=array([-0.625, -0.47 ]), size=array([ 1.,  1.]), units='height', vertices=ndarray(...), win=Window(...))
11.6614 	EXP 	Created itemL = TextStim(alignHoriz='center', alignVert='center', antialias=True, autoLog=True, bold=False, color='White', colorSpace='named', contrast=1.0, depth=0.0, flipHoriz=False, flipVert=False, font='courier', fontFiles=[], height=0.15, italic=False, name='itemL', opacity=1.0, ori=0, pos=array([ 0. , -0.2]), rgb=array([ 255.,  255.,  255.]), text=u'default text', units='norm', win=Window(...), wrapWidth=1)
11.6651 	EXP 	Created itemR = TextStim(alignHoriz='center', alignVert='center', antialias=True, autoLog=True, bold=False, color='white', colorSpace='named', contrast=1.0, depth=-2.0, flipHoriz=False, flipVert=False, font='courier', fontFiles=[], height=0.15, italic=False, name='itemR', opacity=1.0, ori=0, pos=array([ 0. ,  0.2]), rgb=array([ 255.,  255.,  255.]), text=u'default text', units='norm', win=Window(...), wrapWidth=1)
11.6671 	EXP 	Created fixation = TextStim(alignHoriz='center', alignVert='center', antialias=True, autoLog=True, bold=False, color='white', colorSpace='named', contrast=1.0, depth=-3.0, flipHoriz=False, flipVert=False, font='Arial', fontFiles=[], height=0.2, italic=False, name='fixation', opacity=1.0, ori=0, pos=array([ 0.,  0.]), rgb=array([ 255.,  255.,  255.]), text=u'+', units='norm', win=Window(...), wrapWidth=1)
11.6677 	EXP 	Created blank = TextStim(alignHoriz='center', alignVert='center', antialias=True, autoLog=True, bold=False, color='white', colorSpace='named', contrast=1.0, depth=-4.0, flipHoriz=False, flipVert=False, font='Arial', fontFiles=[], height=0.1, italic=False, name='blank', opacity=1.0, ori=0, pos=array([ 0.,  0.]), rgb=array([ 255.,  255.,  255.]), text='', units='norm', win=Window(...), wrapWidth=1)
11.6931 	EXP 	Created thanksText = TextStim(alignHoriz='center', alignVert='center', antialias=True, autoLog=True, bold=False, color=array([ 1.,  1.,  1.]), colorSpace='rgb', contrast=1.0, depth=0.0, flipHoriz=False, flipVert=False, font='arial', fontFiles=[], height=0.2, italic=False, name='thanksText', opacity=1.0, ori=0, pos=array([ 0.,  0.]), rgb=array([ 1.,  1.,  1.]), text=unicode(...), units='norm', win=Window(...), wrapWidth=1)
11.7042 	EXP 	instr1: autoDraw = True
12.5102 	DATA 	Keypress: space
12.5158 	EXP 	Imported conditions1.xlsx as conditions, 4 conditions, 6 params
12.5160 	EXP 	Created sequence: sequential, trialTypes=4, nReps=1, seed=None
12.5163 	EXP 	New trial (rep=0, index=0): {u'typeL': u'word', u'right': u'ship', u'TrialN': 1L, u'corrAns': 3L, u'TypeR': u'word', u'left': u'tour'}
12.5359 	EXP 	instr1: autoDraw = False
12.5359 	EXP 	itemL: text = u'tour'
12.5359 	EXP 	itemR: text = u'ship'
12.5359 	EXP 	blank: autoDraw = True
13.0368 	EXP 	fixation: autoDraw = True
13.0368 	EXP 	blank: autoDraw = False
13.5363 	EXP 	itemR: autoDraw = True
13.5363 	EXP 	itemL: autoDraw = True
13.7868 	EXP 	fixation: autoDraw = False
13.7868 	EXP 	itemR: autoDraw = False
13.7868 	EXP 	itemL: autoDraw = False
15.9071 	DATA 	Keypress: 2
15.9543 	EXP 	fixation: autoDraw = False
15.9543 	EXP 	blank: autoDraw = False
15.9543 	EXP 	itemL: autoDraw = False
15.9543 	EXP 	itemR: autoDraw = False
15.9543 	EXP 	feedback_2: text = 'good'
15.9543 	EXP 	feedback_2: autoDraw = True
16.9206 	EXP 	New trial (rep=0, index=1): {u'typeL': u'non word', u'right': u'****', u'TrialN': 2L, u'corrAns': 1L, u'TypeR': u'non word', u'left': u'****'}
16.9363 	EXP 	feedback_2: autoDraw = False
16.9363 	EXP 	feedback_2: autoDraw = False
16.9363 	EXP 	itemL: text = u'****'
16.9363 	EXP 	itemR: text = u'****'
16.9363 	EXP 	blank: autoDraw = True
17.4366 	EXP 	blank: autoDraw = False
17.4532 	EXP 	fixation: autoDraw = True
17.9532 	EXP 	itemR: autoDraw = True
17.9532 	EXP 	itemL: autoDraw = True
18.1864 	EXP 	fixation: autoDraw = False
18.1864 	EXP 	itemR: autoDraw = False
18.1864 	EXP 	itemL: autoDraw = False
20.5050 	DATA 	Keypress: 2
20.5549 	EXP 	fixation: autoDraw = False
20.5549 	EXP 	blank: autoDraw = False
20.5549 	EXP 	itemL: autoDraw = False
20.5549 	EXP 	itemR: autoDraw = False
20.5549 	EXP 	feedback_2: text = 'good'
20.5549 	EXP 	feedback_2: autoDraw = True
21.5206 	EXP 	New trial (rep=0, index=2): {u'typeL': u'non word', u'right': u'hart', u'TrialN': 3L, u'corrAns': 2L, u'TypeR': u'word', u'left': u'****'}
21.5365 	EXP 	feedback_2: autoDraw = False
21.5365 	EXP 	feedback_2: autoDraw = False
21.5365 	EXP 	itemL: text = u'****'
21.5365 	EXP 	itemR: text = u'hart'
21.5365 	EXP 	blank: autoDraw = True
22.0367 	EXP 	blank: autoDraw = False
22.0533 	EXP 	fixation: autoDraw = True
22.5531 	EXP 	itemR: autoDraw = True
22.5531 	EXP 	itemL: autoDraw = True
22.7867 	EXP 	fixation: autoDraw = False
22.7867 	EXP 	itemR: autoDraw = False
22.7867 	EXP 	itemL: autoDraw = False
24.1210 	DATA 	Keypress: 2
24.1540 	EXP 	fixation: autoDraw = False
24.1540 	EXP 	blank: autoDraw = False
24.1540 	EXP 	itemL: autoDraw = False
24.1540 	EXP 	itemR: autoDraw = False
24.1540 	EXP 	feedback_2: text = 'good'
24.1540 	EXP 	feedback_2: autoDraw = True
25.1376 	EXP 	New trial (rep=0, index=3): {u'typeL': u'non word', u'right': u'****', u'TrialN': 4L, u'corrAns': 1L, u'TypeR': u'non word', u'left': u'****'}
25.1530 	EXP 	feedback_2: autoDraw = False
25.1530 	EXP 	feedback_2: autoDraw = False
25.1530 	EXP 	itemL: text = u'****'
25.1530 	EXP 	itemR: text = u'****'
25.1530 	EXP 	blank: autoDraw = True
25.6536 	EXP 	blank: autoDraw = False
25.6691 	EXP 	fixation: autoDraw = True
26.1697 	EXP 	itemR: autoDraw = True
26.1697 	EXP 	itemL: autoDraw = True
26.4030 	EXP 	fixation: autoDraw = False
26.4030 	EXP 	itemR: autoDraw = False
26.4030 	EXP 	itemL: autoDraw = False
27.9388 	DATA 	Keypress: 2
27.9874 	EXP 	fixation: autoDraw = False
27.9874 	EXP 	blank: autoDraw = False
27.9874 	EXP 	itemL: autoDraw = False
27.9874 	EXP 	itemR: autoDraw = False
27.9874 	EXP 	feedback_2: text = 'good'
27.9874 	EXP 	feedback_2: autoDraw = True
28.9692 	EXP 	feedback_2: autoDraw = False
28.9692 	EXP 	feedback_2: autoDraw = False
28.9692 	EXP 	instrText: autoDraw = True
30.3057 	DATA 	Keypress: escape
30.3922 	EXP 	Imported conditions4.xlsx as conditions, 407 conditions, 11 params
30.3938 	EXP 	Created sequence: sequential, trialTypes=407, nReps=1, seed=None
30.3941 	EXP 	New trial (rep=0, index=0): {u'right': u'buck', u'Zipf_L': 4.26, u'Trial_number_L': 5307L, u'FreqCount_L': 3648L, u'Trial_Number_R': 7295L, u'FreqCount_R': 1837L, u'corrAns': 3L, u'Zipf_R': 3.96, u'order': 0.9338627969471647, u'condition': u'two words', u'left': u'pipe'}
