12.3189 	EXP 	Created window1 = Window(allowGUI=False, allowStencil=False, autoLog=True, bitsMode=UNKNOWN, blendMode='avg', color='black', colorSpace='named', fullscr=UNKNOWN, gamma=None, lms=UNKNOWN, monitor=<psychopy.monitors.calibTools.Monitor object at 0x114c72bd0>, name='window1', pos=[0, 0], screen=0, size=array([1440,  900]), stereo=False, units='norm', useFBO=True, useRetina=False, viewOri=0.0, viewPos=None, viewScale=None, waitBlanking=True, winType='pyglet')
12.3189 	EXP 	window1: recordFrameIntervals = False
12.4842 	EXP 	window1: recordFrameIntervals = True
12.6682 	EXP 	window1: recordFrameIntervals = False
12.7739 	EXP 	Created instr1 = TextStim(alignHoriz='center', alignVert='center', antialias=True, autoLog=True, bold=False, color='white', colorSpace='named', contrast=1.0, depth=0.0, flipHoriz=False, flipVert=False, font='Courier', fontFiles=[], height=0.1, italic=False, name='instr1', opacity=1.0, ori=0, pos=array([ 0.,  0.]), rgb=array([ 255.,  255.,  255.]), text=unicode(...), units='norm', win=Window(...), wrapWidth=1)
12.7834 	EXP 	Created unnamed Circle = Circle(autoDraw=False, autoLog=True, closeShape=True, contrast=1.0, depth=0, fillColor=array([ 1.,  1.,  1.]), fillColorSpace='rgb', fillRGB=array([ 1.,  1.,  1.]), interpolate=True, lineColor=array([ 1.,  1.,  1.]), lineColorSpace='rgb', lineRGB=array([ 1.,  1.,  1.]), lineWidth=1.5, name='unnamed Circle', opacity=1.0, ori=array(0.0), pos=array([-0.625, -0.47 ]), size=array([ 1.,  1.]), units='height', vertices=ndarray(...), win=Window(...))
12.7916 	EXP 	Created itemL = TextStim(alignHoriz='center', alignVert='center', antialias=True, autoLog=True, bold=False, color='White', colorSpace='named', contrast=1.0, depth=0.0, flipHoriz=False, flipVert=False, font='courier', fontFiles=[], height=0.15, italic=False, name='itemL', opacity=1.0, ori=0, pos=array([ 0. , -0.2]), rgb=array([ 255.,  255.,  255.]), text=u'default text', units='norm', win=Window(...), wrapWidth=1)
12.7953 	EXP 	Created itemR = TextStim(alignHoriz='center', alignVert='center', antialias=True, autoLog=True, bold=False, color='white', colorSpace='named', contrast=1.0, depth=-2.0, flipHoriz=False, flipVert=False, font='courier', fontFiles=[], height=0.15, italic=False, name='itemR', opacity=1.0, ori=0, pos=array([ 0. ,  0.2]), rgb=array([ 255.,  255.,  255.]), text=u'default text', units='norm', win=Window(...), wrapWidth=1)
12.8020 	EXP 	Created fixation = TextStim(alignHoriz='center', alignVert='center', antialias=True, autoLog=True, bold=False, color='white', colorSpace='named', contrast=1.0, depth=-3.0, flipHoriz=False, flipVert=False, font='Arial', fontFiles=[], height=0.2, italic=False, name='fixation', opacity=1.0, ori=0, pos=array([ 0.,  0.]), rgb=array([ 255.,  255.,  255.]), text=u'+', units='norm', win=Window(...), wrapWidth=1)
12.8028 	EXP 	Created blank = TextStim(alignHoriz='center', alignVert='center', antialias=True, autoLog=True, bold=False, color='white', colorSpace='named', contrast=1.0, depth=-4.0, flipHoriz=False, flipVert=False, font='Arial', fontFiles=[], height=0.1, italic=False, name='blank', opacity=1.0, ori=0, pos=array([ 0.,  0.]), rgb=array([ 255.,  255.,  255.]), text='', units='norm', win=Window(...), wrapWidth=1)
12.8090 	EXP 	Created feedback_2 = TextStim(alignHoriz='center', alignVert='center', antialias=True, autoLog=True, bold=False, color=array([ 1.,  1.,  1.]), colorSpace='rgb', contrast=1.0, depth=-1.0, flipHoriz=False, flipVert=False, font=u'Arial', fontFiles=[], height=0.1, italic=False, name='feedback_2', opacity=1.0, ori=0, pos=array([ 0.,  0.]), rgb=array([ 1.,  1.,  1.]), text=u'default text', units='norm', win=Window(...), wrapWidth=1)
12.8288 	EXP 	Created instrText = TextStim(alignHoriz='center', alignVert='center', antialias=True, autoLog=True, bold=False, color=array([ 1.,  1.,  1.]), colorSpace='rgb', contrast=1.0, depth=0.0, flipHoriz=False, flipVert=False, font='Courier', fontFiles=[], height=0.1, italic=False, name='instrText', opacity=1.0, ori=0, pos=array([ 0.,  0.]), rgb=array([ 1.,  1.,  1.]), text=unicode(...), units='norm', win=Window(...), wrapWidth=1)
12.8315 	EXP 	Created unnamed Circle = Circle(autoDraw=False, autoLog=True, closeShape=True, contrast=1.0, depth=0, fillColor=array([ 1.,  1.,  1.]), fillColorSpace='rgb', fillRGB=array([ 1.,  1.,  1.]), interpolate=True, lineColor=array([ 1.,  1.,  1.]), lineColorSpace='rgb', lineRGB=array([ 1.,  1.,  1.]), lineWidth=1.5, name='unnamed Circle', opacity=1.0, ori=array(0.0), pos=array([-0.625, -0.47 ]), size=array([ 1.,  1.]), units='height', vertices=ndarray(...), win=Window(...))
12.8350 	EXP 	Created itemL = TextStim(alignHoriz='center', alignVert='center', antialias=True, autoLog=True, bold=False, color='White', colorSpace='named', contrast=1.0, depth=0.0, flipHoriz=False, flipVert=False, font='courier', fontFiles=[], height=0.15, italic=False, name='itemL', opacity=1.0, ori=0, pos=array([ 0. , -0.2]), rgb=array([ 255.,  255.,  255.]), text=u'default text', units='norm', win=Window(...), wrapWidth=1)
12.8385 	EXP 	Created itemR = TextStim(alignHoriz='center', alignVert='center', antialias=True, autoLog=True, bold=False, color='white', colorSpace='named', contrast=1.0, depth=-2.0, flipHoriz=False, flipVert=False, font='courier', fontFiles=[], height=0.15, italic=False, name='itemR', opacity=1.0, ori=0, pos=array([ 0. ,  0.2]), rgb=array([ 255.,  255.,  255.]), text=u'default text', units='norm', win=Window(...), wrapWidth=1)
12.8405 	EXP 	Created fixation = TextStim(alignHoriz='center', alignVert='center', antialias=True, autoLog=True, bold=False, color='white', colorSpace='named', contrast=1.0, depth=-3.0, flipHoriz=False, flipVert=False, font='Arial', fontFiles=[], height=0.2, italic=False, name='fixation', opacity=1.0, ori=0, pos=array([ 0.,  0.]), rgb=array([ 255.,  255.,  255.]), text=u'+', units='norm', win=Window(...), wrapWidth=1)
12.8411 	EXP 	Created blank = TextStim(alignHoriz='center', alignVert='center', antialias=True, autoLog=True, bold=False, color='white', colorSpace='named', contrast=1.0, depth=-4.0, flipHoriz=False, flipVert=False, font='Arial', fontFiles=[], height=0.1, italic=False, name='blank', opacity=1.0, ori=0, pos=array([ 0.,  0.]), rgb=array([ 255.,  255.,  255.]), text='', units='norm', win=Window(...), wrapWidth=1)
12.8666 	EXP 	Created thanksText = TextStim(alignHoriz='center', alignVert='center', antialias=True, autoLog=True, bold=False, color=array([ 1.,  1.,  1.]), colorSpace='rgb', contrast=1.0, depth=0.0, flipHoriz=False, flipVert=False, font='arial', fontFiles=[], height=0.2, italic=False, name='thanksText', opacity=1.0, ori=0, pos=array([ 0.,  0.]), rgb=array([ 1.,  1.,  1.]), text=unicode(...), units='norm', win=Window(...), wrapWidth=1)
12.8866 	EXP 	instr1: autoDraw = True
14.3926 	DATA 	Keypress: space
14.3989 	EXP 	Imported conditions1.xlsx as conditions, 4 conditions, 6 params
14.3992 	EXP 	Created sequence: sequential, trialTypes=4, nReps=1, seed=None
14.3996 	EXP 	New trial (rep=0, index=0): {u'typeL': u'word', u'right': u'ship', u'TrialN': 1L, u'corrAns': 3L, u'TypeR': u'word', u'left': u'tour'}
16.4356 	EXP 	instr1: autoDraw = False
16.4356 	EXP 	itemL: text = u'tour'
16.4356 	EXP 	itemR: text = u'ship'
16.4356 	EXP 	blank: autoDraw = True
16.4356 	EXP 	fixation: autoDraw = False
16.4356 	EXP 	blank: autoDraw = False
16.4356 	EXP 	itemL: autoDraw = False
16.4356 	EXP 	itemR: autoDraw = False
16.4356 	EXP 	feedback_2: text = 'Oops! That was wrong'
16.4356 	EXP 	feedback_2: autoDraw = True
17.4023 	EXP 	New trial (rep=0, index=1): {u'typeL': u'non word', u'right': u'****', u'TrialN': 2L, u'corrAns': 1L, u'TypeR': u'non word', u'left': u'****'}
17.4531 	EXP 	feedback_2: autoDraw = False
17.4531 	EXP 	feedback_2: autoDraw = False
17.4531 	EXP 	itemL: text = u'****'
17.4531 	EXP 	itemR: text = u'****'
17.4531 	EXP 	blank: autoDraw = True
17.4531 	EXP 	fixation: autoDraw = False
17.4531 	EXP 	blank: autoDraw = False
17.4531 	EXP 	itemL: autoDraw = False
17.4531 	EXP 	itemR: autoDraw = False
17.4531 	EXP 	feedback_2: text = 'Oops! That was wrong'
17.4531 	EXP 	feedback_2: autoDraw = True
18.4356 	EXP 	New trial (rep=0, index=2): {u'typeL': u'non word', u'right': u'hart', u'TrialN': 3L, u'corrAns': 2L, u'TypeR': u'word', u'left': u'****'}
20.4523 	EXP 	feedback_2: autoDraw = False
20.4523 	EXP 	feedback_2: autoDraw = False
20.4523 	EXP 	itemL: text = u'****'
20.4523 	EXP 	itemR: text = u'hart'
20.4523 	EXP 	blank: autoDraw = True
20.4523 	EXP 	fixation: autoDraw = False
20.4523 	EXP 	blank: autoDraw = False
20.4523 	EXP 	itemL: autoDraw = False
20.4523 	EXP 	itemR: autoDraw = False
20.4523 	EXP 	feedback_2: text = 'Oops! That was wrong'
20.4523 	EXP 	feedback_2: autoDraw = True
21.4185 	EXP 	New trial (rep=0, index=3): {u'typeL': u'non word', u'right': u'****', u'TrialN': 4L, u'corrAns': 1L, u'TypeR': u'non word', u'left': u'****'}
22.4361 	EXP 	feedback_2: autoDraw = False
22.4361 	EXP 	feedback_2: autoDraw = False
22.4361 	EXP 	itemL: text = u'****'
22.4361 	EXP 	itemR: text = u'****'
22.4361 	EXP 	blank: autoDraw = True
22.4361 	EXP 	fixation: autoDraw = False
22.4361 	EXP 	blank: autoDraw = False
22.4361 	EXP 	itemL: autoDraw = False
22.4361 	EXP 	itemR: autoDraw = False
22.4361 	EXP 	feedback_2: text = 'Oops! That was wrong'
22.4361 	EXP 	feedback_2: autoDraw = True
23.4338 	EXP 	feedback_2: autoDraw = False
23.4338 	EXP 	feedback_2: autoDraw = False
23.4338 	EXP 	instrText: autoDraw = True
93.7056 	DATA 	Keypress: 1
93.8035 	EXP 	Imported conditions4.xlsx as conditions, 407 conditions, 11 params
93.8047 	EXP 	Created sequence: sequential, trialTypes=407, nReps=1, seed=None
93.8051 	EXP 	New trial (rep=0, index=0): {u'right': u'buck', u'Zipf_L': 4.26, u'Trial_number_L': 5307L, u'FreqCount_L': 3648L, u'Trial_Number_R': 7295L, u'FreqCount_R': 1837L, u'corrAns': 3L, u'Zipf_R': 3.96, u'order': 0.9338627969471647, u'condition': u'two words', u'left': u'pipe'}
93.8183 	EXP 	instrText: autoDraw = False
93.8183 	EXP 	itemL: text = u'pipe'
93.8183 	EXP 	itemR: text = u'buck'
93.8183 	EXP 	blank: autoDraw = True
94.3173 	EXP 	blank: autoDraw = False
94.3341 	EXP 	fixation: autoDraw = True
94.8338 	EXP 	itemR: autoDraw = True
94.8338 	EXP 	itemL: autoDraw = True
95.0671 	EXP 	fixation: autoDraw = False
95.0671 	EXP 	itemR: autoDraw = False
95.0671 	EXP 	itemL: autoDraw = False
97.2188 	DATA 	Keypress: escape
