10.5035 	WARNING 	User requested fullscreen with size [1440  900], but screen is actually [1680, 1050]. Using actual size
11.1977 	EXP 	Created window1 = Window(allowGUI=False, allowStencil=False, autoLog=True, bitsMode=UNKNOWN, blendMode='avg', color='black', colorSpace='named', fullscr=UNKNOWN, gamma=None, lms=UNKNOWN, monitor=<psychopy.monitors.calibTools.Monitor object at 0x115e71910>, name='window1', pos=[0, 0], screen=0, size=array([1680, 1050]), stereo=False, units='norm', useFBO=True, useRetina=False, viewOri=0.0, viewPos=None, viewScale=None, waitBlanking=True, winType='pyglet')
11.1977 	EXP 	window1: recordFrameIntervals = False
11.3641 	EXP 	window1: recordFrameIntervals = True
11.5476 	EXP 	window1: recordFrameIntervals = False
11.6496 	EXP 	Created instr1 = TextStim(alignHoriz='center', alignVert='center', antialias=True, autoLog=True, bold=False, color='white', colorSpace='named', contrast=1.0, depth=0.0, flipHoriz=False, flipVert=False, font='Courier', fontFiles=[], height=0.1, italic=False, name='instr1', opacity=1.0, ori=0, pos=array([ 0.,  0.]), rgb=array([ 255.,  255.,  255.]), text=unicode(...), units='norm', win=Window(...), wrapWidth=1)
11.6565 	EXP 	Created unnamed Circle = Circle(autoDraw=False, autoLog=True, closeShape=True, contrast=1.0, depth=0, fillColor=array([ 1.,  1.,  1.]), fillColorSpace='rgb', fillRGB=array([ 1.,  1.,  1.]), interpolate=True, lineColor=array([ 1.,  1.,  1.]), lineColorSpace='rgb', lineRGB=array([ 1.,  1.,  1.]), lineWidth=1.5, name='unnamed Circle', opacity=1.0, ori=array(0.0), pos=array([-0.625, -0.47 ]), size=array([ 1.,  1.]), units='height', vertices=ndarray(...), win=Window(...))
11.6640 	EXP 	Created itemL = TextStim(alignHoriz='center', alignVert='center', antialias=True, autoLog=True, bold=False, color='White', colorSpace='named', contrast=1.0, depth=0.0, flipHoriz=False, flipVert=False, font='courier', fontFiles=[], height=0.15, italic=False, name='itemL', opacity=1.0, ori=0, pos=array([ 0. , -0.2]), rgb=array([ 255.,  255.,  255.]), text=u'default text', units='norm', win=Window(...), wrapWidth=1)
11.6676 	EXP 	Created itemR = TextStim(alignHoriz='center', alignVert='center', antialias=True, autoLog=True, bold=False, color='white', colorSpace='named', contrast=1.0, depth=-2.0, flipHoriz=False, flipVert=False, font='courier', fontFiles=[], height=0.15, italic=False, name='itemR', opacity=1.0, ori=0, pos=array([ 0. ,  0.2]), rgb=array([ 255.,  255.,  255.]), text=u'default text', units='norm', win=Window(...), wrapWidth=1)
11.6745 	EXP 	Created fixation = TextStim(alignHoriz='center', alignVert='center', antialias=True, autoLog=True, bold=False, color='white', colorSpace='named', contrast=1.0, depth=-3.0, flipHoriz=False, flipVert=False, font='Arial', fontFiles=[], height=0.2, italic=False, name='fixation', opacity=1.0, ori=0, pos=array([ 0.,  0.]), rgb=array([ 255.,  255.,  255.]), text=u'+', units='norm', win=Window(...), wrapWidth=1)
11.6753 	EXP 	Created blank = TextStim(alignHoriz='center', alignVert='center', antialias=True, autoLog=True, bold=False, color='white', colorSpace='named', contrast=1.0, depth=-4.0, flipHoriz=False, flipVert=False, font='Arial', fontFiles=[], height=0.1, italic=False, name='blank', opacity=1.0, ori=0, pos=array([ 0.,  0.]), rgb=array([ 255.,  255.,  255.]), text='', units='norm', win=Window(...), wrapWidth=1)
11.6818 	EXP 	Created feedback_2 = TextStim(alignHoriz='center', alignVert='center', antialias=True, autoLog=True, bold=False, color=array([ 1.,  1.,  1.]), colorSpace='rgb', contrast=1.0, depth=-1.0, flipHoriz=False, flipVert=False, font=u'Arial', fontFiles=[], height=0.1, italic=False, name='feedback_2', opacity=1.0, ori=0, pos=array([ 0.,  0.]), rgb=array([ 1.,  1.,  1.]), text=u'default text', units='norm', win=Window(...), wrapWidth=1)
11.7011 	EXP 	Created instrText = TextStim(alignHoriz='center', alignVert='center', antialias=True, autoLog=True, bold=False, color=array([ 1.,  1.,  1.]), colorSpace='rgb', contrast=1.0, depth=0.0, flipHoriz=False, flipVert=False, font='Courier', fontFiles=[], height=0.1, italic=False, name='instrText', opacity=1.0, ori=0, pos=array([ 0.,  0.]), rgb=array([ 1.,  1.,  1.]), text=unicode(...), units='norm', win=Window(...), wrapWidth=1)
11.7037 	EXP 	Created unnamed Circle = Circle(autoDraw=False, autoLog=True, closeShape=True, contrast=1.0, depth=0, fillColor=array([ 1.,  1.,  1.]), fillColorSpace='rgb', fillRGB=array([ 1.,  1.,  1.]), interpolate=True, lineColor=array([ 1.,  1.,  1.]), lineColorSpace='rgb', lineRGB=array([ 1.,  1.,  1.]), lineWidth=1.5, name='unnamed Circle', opacity=1.0, ori=array(0.0), pos=array([-0.625, -0.47 ]), size=array([ 1.,  1.]), units='height', vertices=ndarray(...), win=Window(...))
11.7073 	EXP 	Created itemL = TextStim(alignHoriz='center', alignVert='center', antialias=True, autoLog=True, bold=False, color='White', colorSpace='named', contrast=1.0, depth=0.0, flipHoriz=False, flipVert=False, font='courier', fontFiles=[], height=0.15, italic=False, name='itemL', opacity=1.0, ori=0, pos=array([ 0. , -0.2]), rgb=array([ 255.,  255.,  255.]), text=u'default text', units='norm', win=Window(...), wrapWidth=1)
11.7109 	EXP 	Created itemR = TextStim(alignHoriz='center', alignVert='center', antialias=True, autoLog=True, bold=False, color='white', colorSpace='named', contrast=1.0, depth=-2.0, flipHoriz=False, flipVert=False, font='courier', fontFiles=[], height=0.15, italic=False, name='itemR', opacity=1.0, ori=0, pos=array([ 0. ,  0.2]), rgb=array([ 255.,  255.,  255.]), text=u'default text', units='norm', win=Window(...), wrapWidth=1)
11.7129 	EXP 	Created fixation = TextStim(alignHoriz='center', alignVert='center', antialias=True, autoLog=True, bold=False, color='white', colorSpace='named', contrast=1.0, depth=-3.0, flipHoriz=False, flipVert=False, font='Arial', fontFiles=[], height=0.2, italic=False, name='fixation', opacity=1.0, ori=0, pos=array([ 0.,  0.]), rgb=array([ 255.,  255.,  255.]), text=u'+', units='norm', win=Window(...), wrapWidth=1)
11.7135 	EXP 	Created blank = TextStim(alignHoriz='center', alignVert='center', antialias=True, autoLog=True, bold=False, color='white', colorSpace='named', contrast=1.0, depth=-4.0, flipHoriz=False, flipVert=False, font='Arial', fontFiles=[], height=0.1, italic=False, name='blank', opacity=1.0, ori=0, pos=array([ 0.,  0.]), rgb=array([ 255.,  255.,  255.]), text='', units='norm', win=Window(...), wrapWidth=1)
11.7439 	EXP 	Created thanksText = TextStim(alignHoriz='center', alignVert='center', antialias=True, autoLog=True, bold=False, color=array([ 1.,  1.,  1.]), colorSpace='rgb', contrast=1.0, depth=0.0, flipHoriz=False, flipVert=False, font='arial', fontFiles=[], height=0.2, italic=False, name='thanksText', opacity=1.0, ori=0, pos=array([ 0.,  0.]), rgb=array([ 1.,  1.,  1.]), text=unicode(...), units='norm', win=Window(...), wrapWidth=1)
11.7667 	EXP 	instr1: autoDraw = True
12.6219 	DATA 	Keypress: space
12.6283 	EXP 	Imported conditions1.xlsx as conditions, 4 conditions, 6 params
12.6286 	EXP 	Created sequence: sequential, trialTypes=4, nReps=1, seed=None
12.6290 	EXP 	New trial (rep=0, index=0): {u'typeL': u'word', u'right': u'ship', u'TrialN': 1L, u'corrAns': 3L, u'TypeR': u'word', u'left': u'tour'}
12.6463 	EXP 	instr1: autoDraw = False
12.6463 	EXP 	itemL: text = u'tour'
12.6463 	EXP 	itemR: text = u'ship'
12.6463 	EXP 	blank: autoDraw = True
13.1474 	EXP 	fixation: autoDraw = True
13.1474 	EXP 	blank: autoDraw = False
13.6465 	EXP 	itemR: autoDraw = True
13.6465 	EXP 	itemL: autoDraw = True
13.8965 	EXP 	fixation: autoDraw = False
13.8965 	EXP 	itemR: autoDraw = False
13.8965 	EXP 	itemL: autoDraw = False
14.4799 	EXP 	fixation: autoDraw = False
14.4799 	EXP 	blank: autoDraw = False
14.4799 	EXP 	itemL: autoDraw = False
14.4799 	EXP 	itemR: autoDraw = False
14.4799 	EXP 	feedback_2: text = 'RT=741ms'
14.4799 	EXP 	feedback_2: autoDraw = True
15.4479 	EXP 	New trial (rep=0, index=1): {u'typeL': u'non word', u'right': u'****', u'TrialN': 2L, u'corrAns': 1L, u'TypeR': u'non word', u'left': u'****'}
15.4635 	EXP 	feedback_2: autoDraw = False
15.4635 	EXP 	feedback_2: autoDraw = False
15.4635 	EXP 	itemL: text = u'****'
15.4635 	EXP 	itemR: text = u'****'
15.4635 	EXP 	blank: autoDraw = True
15.9630 	EXP 	blank: autoDraw = False
15.9806 	EXP 	fixation: autoDraw = True
16.4807 	EXP 	itemR: autoDraw = True
16.4807 	EXP 	itemL: autoDraw = True
16.7139 	EXP 	fixation: autoDraw = False
16.7139 	EXP 	itemR: autoDraw = False
16.7139 	EXP 	itemL: autoDraw = False
17.3299 	EXP 	fixation: autoDraw = False
17.3299 	EXP 	blank: autoDraw = False
17.3299 	EXP 	itemL: autoDraw = False
17.3299 	EXP 	itemR: autoDraw = False
17.3299 	EXP 	feedback_2: text = 'RT=708ms'
17.3299 	EXP 	feedback_2: autoDraw = True
18.2983 	EXP 	New trial (rep=0, index=2): {u'typeL': u'non word', u'right': u'hart', u'TrialN': 3L, u'corrAns': 2L, u'TypeR': u'word', u'left': u'****'}
18.3134 	EXP 	feedback_2: autoDraw = False
18.3134 	EXP 	feedback_2: autoDraw = False
18.3134 	EXP 	itemL: text = u'****'
18.3134 	EXP 	itemR: text = u'hart'
18.3134 	EXP 	blank: autoDraw = True
18.8139 	EXP 	blank: autoDraw = False
18.8306 	EXP 	fixation: autoDraw = True
19.3297 	EXP 	itemR: autoDraw = True
19.3297 	EXP 	itemL: autoDraw = True
19.5639 	EXP 	fixation: autoDraw = False
19.5639 	EXP 	itemR: autoDraw = False
19.5639 	EXP 	itemL: autoDraw = False
19.8974 	EXP 	fixation: autoDraw = False
19.8974 	EXP 	blank: autoDraw = False
19.8974 	EXP 	itemL: autoDraw = False
19.8974 	EXP 	itemR: autoDraw = False
19.8974 	EXP 	feedback_2: text = 'RT=450ms'
19.8974 	EXP 	feedback_2: autoDraw = True
20.8649 	EXP 	New trial (rep=0, index=3): {u'typeL': u'non word', u'right': u'****', u'TrialN': 4L, u'corrAns': 1L, u'TypeR': u'non word', u'left': u'****'}
20.8802 	EXP 	feedback_2: autoDraw = False
20.8802 	EXP 	feedback_2: autoDraw = False
20.8802 	EXP 	itemL: text = u'****'
20.8802 	EXP 	itemR: text = u'****'
20.8802 	EXP 	blank: autoDraw = True
21.3806 	EXP 	blank: autoDraw = False
21.3967 	EXP 	fixation: autoDraw = True
21.8971 	EXP 	itemR: autoDraw = True
21.8971 	EXP 	itemL: autoDraw = True
22.1308 	EXP 	fixation: autoDraw = False
22.1308 	EXP 	itemR: autoDraw = False
22.1308 	EXP 	itemL: autoDraw = False
22.2305 	EXP 	fixation: autoDraw = False
22.2305 	EXP 	blank: autoDraw = False
22.2305 	EXP 	itemL: autoDraw = False
22.2305 	EXP 	itemR: autoDraw = False
22.2305 	EXP 	feedback_2: text = 'RT=312ms'
22.2305 	EXP 	feedback_2: autoDraw = True
23.2139 	EXP 	feedback_2: autoDraw = False
23.2139 	EXP 	feedback_2: autoDraw = False
23.2139 	EXP 	instrText: autoDraw = True
24.8164 	DATA 	Keypress: escape
24.9059 	EXP 	Imported conditions4.xlsx as conditions, 407 conditions, 11 params
24.9072 	EXP 	Created sequence: sequential, trialTypes=407, nReps=1, seed=None
24.9076 	EXP 	New trial (rep=0, index=0): {u'right': u'buck', u'Zipf_L': 4.26, u'Trial_number_L': 5307L, u'FreqCount_L': 3648L, u'Trial_Number_R': 7295L, u'FreqCount_R': 1837L, u'corrAns': 3L, u'Zipf_R': 3.96, u'order': 0.9338627969471647, u'condition': u'two words', u'left': u'pipe'}
